# JRE version: Java(TM) SE Runtime Environment (8.0_351-b10) (build 1.8.0_351-b10)
# Java VM: Java HotSpot(TM) 64-Bit Server VM (25.351-b10 mixed mode windows-amd64 compressed oops)
Heap:
 PSYoungGen      total 104448K, used 67200K [0x00000000d6100000, 0x00000000dd680000, 0x0000000100000000)
  eden space 94720K, 60% used [0x00000000d6100000,0x00000000d99654a0,0x00000000dbd80000)
  from space 9728K, 97% used [0x00000000dc800000,0x00000000dd13ab78,0x00000000dd180000)
  to   space 10752K, 0% used [0x00000000dbd80000,0x00000000dbd80000,0x00000000dc800000)
 ParOldGen       total 62464K, used 8184K [0x0000000082200000, 0x0000000085f00000, 0x00000000d6100000)
  object space 62464K, 13% used [0x0000000082200000,0x00000000829fe068,0x0000000085f00000)
 Metaspace       used 31972K, capacity 34393K, committed 34432K, reserved 1079296K
  class space    used 4256K, capacity 4697K, committed 4736K, reserved 1048576K
GC Heap History (10 events):
Event: 2.849 GC heap before
{Heap before GC invocations=3 (full 0):
 PSYoungGen      total 37888K, used 37861K [0x00000000d6100000, 0x00000000dab00000, 0x0000000100000000)
  eden space 32768K, 100% used [0x00000000d6100000,0x00000000d8100000,0x00000000d8100000)
  from space 5120K, 99% used [0x00000000d8600000,0x00000000d8af9440,0x00000000d8b00000)
  to   space 5120K, 0% used [0x00000000d8100000,0x00000000d8100000,0x00000000d8600000)
 ParOldGen       total 86016K, used 1507K [0x0000000082200000, 0x0000000087600000, 0x00000000d6100000)
  object space 86016K, 1% used [0x0000000082200000,0x0000000082378e18,0x0000000087600000)
 Metaspace       used 17797K, capacity 19276K, committed 19328K, reserved 1067008K
  class space    used 2361K, capacity 2668K, committed 2688K, reserved 1048576K
Event: 2.858 GC heap after
Heap after GC invocations=3 (full 0):
 PSYoungGen      total 37888K, used 5096K [0x00000000d6100000, 0x00000000dab00000, 0x0000000100000000)
  eden space 32768K, 0% used [0x00000000d6100000,0x00000000d6100000,0x00000000d8100000)
  from space 5120K, 99% used [0x00000000d8100000,0x00000000d85fa2f0,0x00000000d8600000)
  to   space 5120K, 0% used [0x00000000da600000,0x00000000da600000,0x00000000dab00000)
 ParOldGen       total 86016K, used 4205K [0x0000000082200000, 0x0000000087600000, 0x00000000d6100000)
  object space 86016K, 4% used [0x0000000082200000,0x000000008261b408,0x0000000087600000)
 Metaspace       used 17797K, capacity 19276K, committed 19328K, reserved 1067008K
  class space    used 2361K, capacity 2668K, committed 2688K, reserved 1048576K
}
Event: 3.253 GC heap before
{Heap before GC invocations=4 (full 0):
 PSYoungGen      total 37888K, used 32931K [0x00000000d6100000, 0x00000000dab00000, 0x0000000100000000)
  eden space 32768K, 84% used [0x00000000d6100000,0x00000000d7c2eac0,0x00000000d8100000)
  from space 5120K, 99% used [0x00000000d8100000,0x00000000d85fa2f0,0x00000000d8600000)
  to   space 5120K, 0% used [0x00000000da600000,0x00000000da600000,0x00000000dab00000)
 ParOldGen       total 86016K, used 4205K [0x0000000082200000, 0x0000000087600000, 0x00000000d6100000)
  object space 86016K, 4% used [0x0000000082200000,0x000000008261b408,0x0000000087600000)
 Metaspace       used 19630K, capacity 21285K, committed 21296K, reserved 1067008K
  class space    used 2615K, capacity 2933K, committed 2944K, reserved 1048576K
Event: 3.263 GC heap after
Heap after GC invocations=4 (full 0):
 PSYoungGen      total 70656K, used 5096K [0x00000000d6100000, 0x00000000dab00000, 0x0000000100000000)
  eden space 65536K, 0% used [0x00000000d6100000,0x00000000d6100000,0x00000000da100000)
  from space 5120K, 99% used [0x00000000da600000,0x00000000daafa040,0x00000000dab00000)
  to   space 5120K, 0% used [0x00000000da100000,0x00000000da100000,0x00000000da600000)
 ParOldGen       total 86016K, used 7129K [0x0000000082200000, 0x0000000087600000, 0x00000000d6100000)
  object space 86016K, 8% used [0x0000000082200000,0x00000000828f6620,0x0000000087600000)
 Metaspace       used 19630K, capacity 21285K, committed 21296K, reserved 1067008K
  class space    used 2615K, capacity 2933K, committed 2944K, reserved 1048576K
}
Event: 3.263 GC heap before
{Heap before GC invocations=5 (full 1):
 PSYoungGen      total 70656K, used 5096K [0x00000000d6100000, 0x00000000dab00000, 0x0000000100000000)
  eden space 65536K, 0% used [0x00000000d6100000,0x00000000d6100000,0x00000000da100000)
  from space 5120K, 99% used [0x00000000da600000,0x00000000daafa040,0x00000000dab00000)
  to   space 5120K, 0% used [0x00000000da100000,0x00000000da100000,0x00000000da600000)
 ParOldGen       total 86016K, used 7129K [0x0000000082200000, 0x0000000087600000, 0x00000000d6100000)
  object space 86016K, 8% used [0x0000000082200000,0x00000000828f6620,0x0000000087600000)
 Metaspace       used 19630K, capacity 21285K, committed 21296K, reserved 1067008K
  class space    used 2615K, capacity 2933K, committed 2944K, reserved 1048576K
Event: 3.314 GC heap after
Heap after GC invocations=5 (full 1):
 PSYoungGen      total 70656K, used 0K [0x00000000d6100000, 0x00000000dab00000, 0x0000000100000000)
  eden space 65536K, 0% used [0x00000000d6100000,0x00000000d6100000,0x00000000da100000)
  from space 5120K, 0% used [0x00000000da600000,0x00000000da600000,0x00000000dab00000)
  to   space 5120K, 0% used [0x00000000da100000,0x00000000da100000,0x00000000da600000)
 ParOldGen       total 62464K, used 7880K [0x0000000082200000, 0x0000000085f00000, 0x00000000d6100000)
  object space 62464K, 12% used [0x0000000082200000,0x00000000829b2328,0x0000000085f00000)
 Metaspace       used 19630K, capacity 21285K, committed 21296K, reserved 1067008K
  class space    used 2615K, capacity 2933K, committed 2944K, reserved 1048576K
}
Event: 4.165 GC heap before
{Heap before GC invocations=6 (full 1):
 PSYoungGen      total 70656K, used 65536K [0x00000000d6100000, 0x00000000dab00000, 0x0000000100000000)
  eden space 65536K, 100% used [0x00000000d6100000,0x00000000da100000,0x00000000da100000)
  from space 5120K, 0% used [0x00000000da600000,0x00000000da600000,0x00000000dab00000)
  to   space 5120K, 0% used [0x00000000da100000,0x00000000da100000,0x00000000da600000)
 ParOldGen       total 62464K, used 7880K [0x0000000082200000, 0x0000000085f00000, 0x00000000d6100000)
  object space 62464K, 12% used [0x0000000082200000,0x00000000829b2328,0x0000000085f00000)
 Metaspace       used 23312K, capacity 25293K, committed 25600K, reserved 1071104K
  class space    used 3135K, capacity 3483K, committed 3584K, reserved 1048576K
Event: 4.173 GC heap after
Heap after GC invocations=6 (full 1):
 PSYoungGen      total 70656K, used 5095K [0x00000000d6100000, 0x00000000dd180000, 0x0000000100000000)
  eden space 65536K, 0% used [0x00000000d6100000,0x00000000d6100000,0x00000000da100000)
  from space 5120K, 99% used [0x00000000da100000,0x00000000da5f9cc8,0x00000000da600000)
  to   space 9728K, 0% used [0x00000000dc800000,0x00000000dc800000,0x00000000dd180000)
 ParOldGen       total 62464K, used 8176K [0x0000000082200000, 0x0000000085f00000, 0x00000000d6100000)
  object space 62464K, 13% used [0x0000000082200000,0x00000000829fc068,0x0000000085f00000)
 Metaspace       used 23312K, capacity 25293K, committed 25600K, reserved 1071104K
  class space    used 3135K, capacity 3483K, committed 3584K, reserved 1048576K
}
Event: 6.298 GC heap before
{Heap before GC invocations=7 (full 1):
 PSYoungGen      total 70656K, used 70631K [0x00000000d6100000, 0x00000000dd180000, 0x0000000100000000)
  eden space 65536K, 100% used [0x00000000d6100000,0x00000000da100000,0x00000000da100000)
  from space 5120K, 99% used [0x00000000da100000,0x00000000da5f9cc8,0x00000000da600000)
  to   space 9728K, 0% used [0x00000000dc800000,0x00000000dc800000,0x00000000dd180000)
 ParOldGen       total 62464K, used 8176K [0x0000000082200000, 0x0000000085f00000, 0x00000000d6100000)
  object space 62464K, 13% used [0x0000000082200000,0x00000000829fc068,0x0000000085f00000)
 Metaspace       used 27668K, capacity 29955K, committed 30208K, reserved 1075200K
  class space    used 3664K, capacity 4094K, committed 4096K, reserved 1048576K
Event: 6.349 GC heap after
Heap after GC invocations=7 (full 1):
 PSYoungGen      total 104448K, used 9450K [0x00000000d6100000, 0x00000000dd680000, 0x0000000100000000)
  eden space 94720K, 0% used [0x00000000d6100000,0x00000000d6100000,0x00000000dbd80000)
  from space 9728K, 97% used [0x00000000dc800000,0x00000000dd13ab78,0x00000000dd180000)
  to   space 10752K, 0% used [0x00000000dbd80000,0x00000000dbd80000,0x00000000dc800000)
 ParOldGen       total 62464K, used 8184K [0x0000000082200000, 0x0000000085f00000, 0x00000000d6100000)
  object space 62464K, 13% used [0x0000000082200000,0x00000000829fe068,0x0000000085f00000)
 Metaspace       used 27668K, capacity 29955K, committed 30208K, reserved 1075200K
  class space    used 3664K, capacity 4094K, committed 4096K, reserved 1048576K
}

